         w __deregister_frame_info
         w __register_frame_info
         w _ITM_deregisterTMCloneTable
         w _ITM_registerTMCloneTable
         w _Jv_RegisterClasses
00000000 b .LANCHOR1
00000000 b _TLS_MODULE_BASE_
00000000 a shift
00000000 a shift
00000000 00002000 b tmp_buffer.6528
00001ff8 b .LANCHOR2
00002000 00000401 b __fixedpath
00002404 00000802 b __utf16path
00002c08 00000802 b __utf16path_old.6599
00100000 T __start__
00100000 T _start
00100008 T __service_ptr
0010000c T __apt_appid
00100010 T __heap_size
00100014 T __linear_heap_size
00100018 T __system_arglist
0010001c T __system_runflags
00100020 t startup
00100058 t ClearMem
0010006c t ClrLoop
00100094 T _init
001000ac t deregister_tm_clones
001000dc t register_tm_clones
00100114 t __do_global_dtors_aux
00100158 t frame_dummy
001001b4 T initSystem
001001f8 T __ctru_exit
00100218 T __aeabi_idiv
00100218 00000220 T __divsi3
00100220 t .divsi3_skip_div0_test
00100438 00000020 T __aeabi_idivmod
00100458 00000004 W __aeabi_idiv0
00100458 00000004 W __aeabi_ldiv0
00100468 00000390 T strcmp
00100800 00000008 t null_write
00100808 00000018 T setDefaultDevice
00100820 000000bc T FindDevice
001008dc 0000002c T RemoveDevice
00100908 00000098 T AddDevice
001009a0 00000024 T GetDeviceOpTab
001009c4 0000007c T _close_r
00100a40 0000006c T _fstat_r
00100aac 00000008 T _isatty_r
00100ab4 00000078 T _lseek_r
00100b2c 00000078 T _read_r
00100ba4 00000070 T _sbrk_r
00100c14 00000078 T _write_r
00100c8c 000001bc T _concatenate_path
00100e48 00000154 T chdir
00100f9c 000000a0 T getcwd
0010103c 00000008 T __flockfile
00101044 00000008 T __funlockfile
0010104c 00000018 T __libc_lock_init
00101064 00000018 T __libc_lock_acquire
0010107c 00000024 T __libc_lock_try_acquire
001010a0 00000018 T __libc_lock_release
001010b8 00000018 T __libc_lock_close
001010d0 00000018 T __libc_lock_init_recursive
001010e8 00000018 T __libc_lock_acquire_recursive
00101100 00000024 T __libc_lock_try_acquire_recursive
00101124 00000018 T __libc_lock_release_recursive
0010113c 00000018 T __libc_lock_close_recursive
00101154 00000044 T __free_handle
00101198 0000003c T __release_handle
001011d4 00000078 T __alloc_handle
0010124c 0000001c T __get_handle
00101268 000000a4 T dup
0010130c 0000010c T dup2
00101418 00000028 T __getreent
00101440 t .udivsi3_skip_div0_test
00101440 T __aeabi_uidiv
00101440 000001ec T __udivsi3
0010162c 00000020 T __aeabi_uidivmod
0010164c T __aeabi_uldivmod
00101688 00000128 T __udivmoddi4
001017b0 0000008c T main
0010183c 0000001c T debug_write
00101858 000001ac T consoleDrawChar
00101a04 00000128 T consolePrintChar
00101b2c 00000184 t consoleCls
00101cb0 000000f8 T consoleInit
00101da8 00000138 t consoleClearLine
00101ee0 000000c0 t newRow
00101fa0 0000086c T con_write
0010280c 0000008c t gfxSetFramebufferInfo.part.0
00102898 00000018 T gfxSetScreenFormat
001028b0 00000014 T gfxSetDoubleBuffering
001028c4 00000070 T gfxSetFramebufferInfo
00102934 00000088 T gfxWriteFramebufferInfo
001029bc 000001d0 T gfxInit
00102b8c 00000010 T gfxInitDefault
00102b9c 000000e0 T gfxExit
00102c7c 000000b0 T gfxGetFramebuffer
00102d2c 000000cc T gfxFlushBuffers
00102df8 00000070 T gfxConfigScreen
00102e68 00000020 T gfxSwapBuffers
00102e88 00000020 T gfxSwapBuffersGpu
00102ea8 00000068 t __apt_initservicehandle
00102f10 00000004 W _aptDebug
00102f14 00000098 T aptInitCaptureInfo
00102fac 00000028 T aptWaitStatusEvent
00102fd4 00000060 T aptGetMenuAppID
00103034 0000006c T aptSetStatus
001030a0 00000048 T APT_GetLockHandle
001030e8 00000060 T APT_Initialize
00103148 00000034 T APT_Finalize
0010317c 00000048 T APT_InquireNotification
001031c4 0000002c T APT_PrepareToJumpToHomeMenu
001031f0 00000050 T APT_JumpToHomeMenu
00103240 00000034 T APT_PrepareToJumpToApplication
00103274 00000050 T APT_JumpToApplication
001032c4 00000034 T APT_NotifyToWait
001032f8 0000007c T APT_AppletUtility
00103374 00000188 T aptAppletUtility_Exit_RetToApp
001034fc 0000003c T aptAppletClosed
00103538 00000114 t aptAppStarted
0010364c 00000298 T aptInit
001038e4 0000006c T APT_ReceiveParameter
00103950 00000064 T APT_SendParameter
001039b4 00000044 T APT_SendCaptureBufferInfo
001039f8 00000264 T aptReturnToMenu
00103c5c 00000038 T APT_ReplySleepQuery
00103c94 00000034 T APT_ReplySleepNotificationComplete
00103cc8 000003f4 T aptEventHandler
001040bc 00000034 T APT_PrepareToCloseApplication
001040f0 00000050 T APT_CloseApplication
00104140 000002d0 T aptExit
00104410 0000006c T APT_CheckNew3DS_System
0010447c 0000008c T APT_CheckNew3DS
00104508 00000054 T APT_StartLibraryApplet
0010455c 00000174 T aptAppletStarted
001046d0 000001a4 T aptMainLoop
00104874 00000124 t gspEventThreadMain
00104998 00000074 T gspInit
00104a0c 0000003c T gspExit
00104a48 000000d0 T gspInitEventHandler
00104b18 0000005c T gspExitEventHandler
00104b74 00000058 T gspWaitForEvent
00104bcc 0000006c T GSPGPU_SetBufferSwap
00104c38 0000004c T GSPGPU_FlushDataCache
00104c84 00000034 T GSPGPU_SetLcdForceBlack
00104cb8 00000064 T GSPGPU_RegisterInterruptRelayQueue
00104d1c 0000002c T GSPGPU_UnregisterInterruptRelayQueue
00104d48 00000048 T GSPGPU_AcquireRight
00104d90 0000002c T GSPGPU_ReleaseRight
00104dbc 00000080 T GSPGPU_ImportDisplayCaptureInfo
00104e3c 0000002c T GSPGPU_SaveVramSysArea
00104e68 0000002c T GSPGPU_RestoreVramSysArea
00104e94 000000d8 T hidExit
00104f6c 00000238 T hidScanInput
001051a4 00000010 T hidKeysDown
001051b4 00000090 T HIDUSER_GetHandles
00105244 00000184 T hidInit
001053c8 000000b0 T irrstScanInput
00105478 0000001c T irrstKeysHeld
00105494 00000050 T IRRST_GetHandles
001054e4 00000148 T irrstInit
0010562c 0000002c T IRRST_Shutdown
00105658 000000b0 T irrstExit
00105708 000000f4 T __system_initArgv
001057fc 00000038 W __libctru_init
00105834 00000030 t __ctru_get_reent
00105864 000000e8 T __system_initSyscalls
0010594c T svcControlMemory
0010596c T svcExitProcess
00105974 T svcCreateThread
00105994 T svcExitThread
0010599c T svcCreateEvent
001059b0 T svcSignalEvent
001059b8 T svcClearEvent
001059c0 T svcMapMemoryBlock
001059c8 T svcUnmapMemoryBlock
001059d0 T svcCreateAddressArbiter
001059e4 T svcArbitrateAddress
001059fc T svcCloseHandle
00105a04 T svcWaitSynchronization
00105a0c T svcWaitSynchronizationN
00105a34 T svcDuplicateHandle
00105a48 T svcGetSystemTick
00105a50 T svcGetSystemInfo
00105a68 T svcConnectToPort
00105a7c T svcSendSyncRequest
00105a84 T svcBreak
00105a8c T svcOutputDebugString
00105a94 00000024 t addrMapNodeComparator(rbtree_node const*, rbtree_node const*)
00105ab8 00000004 t addrMapNodeDestructor(rbtree_node*)
00105abc 00000140 T linearMemAlign
00105bfc 00000008 T linearAlloc
00105c04 00000050 T linearFree
00105c54 00000024 t addrMapNodeComparator(rbtree_node const*, rbtree_node const*)
00105c78 00000004 t addrMapNodeDestructor(rbtree_node*)
00105c7c 000000f4 T mappableAlloc
00105d70 00000050 T mappableFree
00105dc0 000000a0 T MemPool::CoalesceRight(MemBlock*)
00105e60 0000018c T MemPool::Allocate(MemChunk&, unsigned long, int)
00105fec 00000104 T MemPool::Deallocate(MemChunk const&)
001060f0 00000024 t addrMapNodeComparator(rbtree_node const*, rbtree_node const*)
00106114 00000004 t addrMapNodeDestructor(rbtree_node*)
00106118 00000130 T vramMemAlign
00106248 00000008 T vramAlloc
00106250 00000050 T vramFree
001062a0 00000094 T envGetHandle
00106334 0000004c T envDestroyHandles
00106380 00000058 t getSysTime
001063d8 00000024 T osGetMemRegionUsed
00106400 000000f4 T __libctru_gtod
001064f8 00000034 T __ctru_speedup_config
0010652c 00000050 T srvExit
0010657c 00000038 T srvRegisterClient
001065b4 00000070 T srvInit
00106624 00000068 T srvGetServiceHandleDirect
0010668c 00000038 T srvGetServiceHandle
001066c4 00000034 t LightLock_Unlock.part.1
001066f8 0000000c T __sync_init
00106704 00000018 T __sync_fini
0010671c 00000018 T LightLock_Init
00106734 00000094 T LightLock_Lock
001067c8 00000034 T LightLock_TryLock
001067fc 00000020 T LightLock_Unlock
0010681c 00000024 T RecursiveLock_Init
00106840 00000030 T RecursiveLock_Lock
00106870 00000058 T RecursiveLock_TryLock
001068c8 00000038 T RecursiveLock_Unlock
00106900 000001c8 T threadCreate
00106ac8 00000024 T threadJoin
00106aec 0000006c T threadExit
00106b58 0000003c t _thread_begin
00106b94 00000070 T ptmSysmInit
00106c04 00000034 T ptmSysmExit
00106c38 00000034 T PTMSYSM_ConfigureNew3DSCPU
00106c6c 00000070 T rbtree_find
00106cdc 00000014 T rbtree_init
00106cf0 000001d4 t do_insert
00106ec4 00000008 T rbtree_insert
00106ecc 0000035c T rbtree_remove
00107228 000000ac T rbtree_rotate
001072d4 00000058 t osGetMemRegionSize
0010732c 00000124 W __system_allocateHeaps
00107450 0000001c W __appExit
0010746c 0000001c W __appInit
00107488 000000a4 W __libctru_exit
0010752c 00000010 t sdmc_link
0010753c 00000010 t sdmc_dirreset
0010754c 00000010 t sdmc_chmod
0010755c 00000010 t sdmc_fchmod
0010756c 00000024 t error_cmp
00107590 00000050 t sdmc_translate_error
001075e0 00000034 t sdmc_fsync
00107614 00000054 t sdmc_ftruncate
00107668 000000ac t sdmc_statvfs
00107714 00000038 t sdmc_dirclose
0010774c 000000e0 t sdmc_dirnext
0010782c 00000034 t sdmc_close
00107860 00000074 t sdmc_fstat
001078d4 000000c0 t sdmc_seek
00107994 0000008c t sdmc_read
00107a20 00000108 t sdmc_write
00107b28 000001b4 t sdmc_utf16path
00107cdc 00000080 t sdmc_rmdir
00107d5c 0000009c t sdmc_diropen
00107df8 000000a8 t sdmc_chdir
00107ea0 00000084 t sdmc_mkdir
00107f24 00000138 t sdmc_rename
0010805c 00000080 t sdmc_unlink
001080dc 00000120 t sdmc_stat
001081fc 000001ac t sdmc_open
001083a8 00000134 T sdmcInit
001084dc 00000050 T sdmcExit
0010852c 000000c8 T fsInit
001085f4 00000034 T fsExit
00108628 000000dc T FSUSER_OpenFile
00108704 000000b8 T FSUSER_DeleteFile
001087bc 000000f4 T FSUSER_RenameFile
001088b0 000000b8 T FSUSER_DeleteDirectory
00108968 000000d0 T FSUSER_CreateFile
00108a38 000000c0 T FSUSER_CreateDirectory
00108af8 000000f4 T FSUSER_RenameDirectory
00108bec 000000c4 T FSUSER_OpenDirectory
00108cb0 000000bc T FSUSER_OpenArchive
00108d6c 00000088 T FSUSER_CloseArchive
00108df4 0000008c T FSUSER_GetSdmcArchiveResource
00108e80 00000064 T FSUSER_IsSdmcWritable
00108ee4 0000005c T FSFILE_Read
00108f40 00000064 T FSFILE_Write
00108fa4 0000003c T FSFILE_GetSize
00108fe0 0000002c T FSFILE_SetSize
0010900c 0000003c T FSFILE_Close
00109048 00000024 T FSFILE_Flush
0010906c 00000054 T FSDIR_Read
001090c0 0000003c T FSDIR_Close
001090fc 0000008c T rbtree_node_next
00109188 00000138 T decode_utf8
001092c0 000000e4 T utf16_to_utf8
001093a4 000000bc T utf8_to_utf16
00109460 T __aeabi_read_tp
0010946c 00000060 T decode_utf16
001094cc 00000068 T encode_utf16
00109534 00000104 T encode_utf8
00109638 00000078 T bsearch
001096b0 0000003c T __libc_fini_array
001096ec 00000078 T __libc_init_array
00109764 00000020 T memalign
00109784 0000015c T _memalign_r
001098e0 00000018 T malloc
001098f8 00000018 T free
00109910 000007a8 T _malloc_r
0010a0b8 000000f0 T memcpy
0010a1a8 000000f4 T memset
0010a29c 0000000c T __malloc_lock
0010a2a8 0000000c T __malloc_unlock
0010a2b4 00000038 T printf
0010a2ec 000001fc T setvbuf
0010a4e8 00000074 T sscanf
0010a55c 00000030 T __sread
0010a58c 00000008 T __seofread
0010a594 00000054 T __swrite
0010a5e8 0000002c T __sseek
0010a614 00000008 T __sclose
0010a61c 0000015c T strchr
0010a778 0000005c T strlen
0010a7d4 000000a4 T strncat
0010a878 000000e0 T strncpy
0010a958 00002c20 T __ssvfscanf_r
0010d578 000000a4 t __sprint_r.part.0
0010d61c 0000001c T __sprint_r
0010d638 0000161c t get_arg
0010ec58 00004878 T _vfprintf_r
001134d0 000000cc t __sbprintf
0011359c 0000008c T _wcrtomb_r
00113628 00000020 T _wcsrtombs_r
00113648 00000114 T __utf8_wctomb
0011375c 00000148 T __swsetup_r
001138a4 000001bc t quorem
00113a60 000012c8 T _dtoa_r
00114d28 00000230 T __sflush_r
00114f58 00000090 T _fflush_r
00114fe8 0000000c T _cleanup_r
00114ff4 00000080 t std.isra.0
00115074 0000008c T __sinit
00115100 0000000c T __sfp_lock_acquire
0011510c 0000000c T __sfp_lock_release
00115118 00000124 T __fputwc
0011523c 000000a8 T _fputwc_r
001152e4 000000f8 T _malloc_trim_r
001153dc 000002e4 T _free_r
001156c0 000004a4 T __sfvwrite_r
00115b64 00000080 T _fwalk_reent
00115be4 00000074 T iswspace
00115c58 00000204 t __jp2uc
00115e5c 00000084 T _jp2uc
00115ee0 0000000c T __locale_charset
00115eec 00000010 T __locale_mb_cur_max
00115efc 0000000c T _localeconv_r
00115f08 00000160 T __smakebuf_r
00116068 00000098 T _mbrtowc_r
00116100 000002fc T __utf8_mbtowc
001163fc 00000100 T memchr
001164fc 00000128 T memmove
00116624 0000008c T _Balloc
001166b0 0000001c T _Bfree
001166cc 000000d0 T __multadd
0011679c 000000e4 T __s2b
00116880 0000005c T __hi0bits
001168dc 00000098 T __lo0bits
00116974 00000020 T __i2b
00116994 000001dc T __multiply
00116b70 00000100 T __pow5mult
00116c70 000000f0 T __lshift
00116d60 00000064 T __mcmp
00116dc4 00000198 T __mdiff
00116f5c 00000078 T __ulp
00116fd4 000000d4 T __b2d
001170a8 00000104 T __d2b
001171ac 00000078 T __ratio
00117224 0000006c T __copybits
00117290 00000080 T __any_on
00117310 000004c0 T _realloc_r
001177d0 000000d0 T __sccl
001178a0 0000000c T nanf
001178ac 00000074 T __fpclassifyd
00117920 00000094 T frexp
001179b8 00000068 T sprintf
00117a20 00000108 T stpncpy
00117b28 0000011c T strncmp
00117c44 00000058 t sulp
00117ca0 0000144c T _strtod_r
001190f0 0000025c T _strtoll_r
0011934c 000001d4 T _strtol_r
00119520 00000264 T _strtoull_r
00119788 000001d4 T _strtoul_r
0011995c 000001a8 T __ssprint_r
00119b04 000000f8 T _sungetc_r
00119bfc 0000006c T __ssrefill_r
00119c68 000000c8 T _sfread_r
00119d30 0000161c t get_arg
0011b350 000049fc T _svfprintf_r
0011fd50 000000a8 T __submore
0011fdf8 00000124 T __swbuf_r
0011ff1c 00000190 T _wcsnrtombs_r
001200ac 00000090 T _calloc_r
0012013c 00000120 T _fclose_r
0012025c 000000ec t rshift
00120348 000007d0 T __gethex
00120b18 00000258 T __hexnan
00120d70 0000000c T __errno
00120d7c 0000005c T strnlen
00120dd8 00000044 T strrchr
00120e1c T _fini
00121000 00000068 r dotab_3dmoo
00121068 00000068 r dotab_stdout
001210d0 00000068 r dotab_null
00121138 00000030 r colorTable
00121168 00000014 r CSWTCH.21
0012117c 00000008 r framebufferInfoSt
00121184 0000000c r __apt_servicenames
00121190 R default_font_bin
00121990 R default_font_bin_end
00121990 R default_font_bin_size
00121994 00000030 r error_table
001219c4 00000068 R dotab_stdnull
00121a2c 00000003 R DIRECTORY_PARENT
00121a30 00000002 R DIRECTORY_THIS
00121a34 00000002 R DIRECTORY_SEPARATOR
00121b48 00000022 r basefix.7044
00121b74 00000010 r zeroes.7138
00121bc4 r .LC2
00121bc8 00000010 r blanks.7137
00121bd8 00000101 R _ctype_
00121cec 000000bc r a1
00121da8 000000bc r a2
00121e64 0000005b r a3
00121ec0 00000070 r a6
00121f30 000000a2 r a7
00121fd4 00000040 r a8
00122028 0000172a r b02cf
00123754 00001a7c r d02f4
001252e8 000000c8 R __mprec_tens
001253b0 0000000c r p05.5412
001253c0 00000028 R __mprec_bigtens
001253e8 00000014 r fpinan.5417
0012540c 00000014 r fpi.5381
00125420 00000028 r tinytens
00125448 0000006c R __state_table
001254b4 00000100 R __chclass
001255b4 0000006c R __action_table
00125620 00000010 r blanks.7122
00125630 00000010 r zeroes.7123
00125640 00000100 R __hexdig
00125748 r __EH_FRAME_BEGIN__
00125748 R __exidx_end
00125748 R __exidx_start
00126000 0000004c D defaultConsole
0012604c 00000004 D currentConsole
00126050 00000001 d firstConsoleInit.6489
00126054 00000001 d topFormat
00126055 00000001 d botFormat
00126058 00000008 d doubleBuf
00126060 W __stacksize__
00126068 00000401 d __cwd
00126470 00000018 d sdmcArchive
00126488 00000068 d sdmc_devoptab
001264f0 00000004 d defaultDevice
001264f4 00000040 D devoptab_list
00126534 00001000 d _current_working_directory
00127534 0000000c d __stdin_handle
00127540 0000000c d __stdout_handle
0012754c 0000000c d __stderr_handle
00127558 00000004 d __hndl_lock
0012755c 00001000 d handles
00128560 00000440 d impure_data
001289a0 00000004 D _impure_ptr
001289a4 00000408 D __malloc_av_
00128dac 00000004 D __malloc_trim_threshold
00128db0 00000004 D __malloc_sbrk_base
00128db4 0000000c d __malloc_lock_object
00128dc0 00000004 D __wctomb
00128dc4 00000004 D __ctype_ptr__
00128dc8 0000000c d __sfp_lock
00128dd4 0000000c d __sinit_lock
00128de0 00000038 d lconv
00128e18 00000020 d lc_ctype_charset
00128e38 00000004 D __mb_cur_max
00128e3c 00000004 D __mbtowc
00128e40 t __frame_dummy_init_array_entry
00128e40 T __init_array_start
00128e40 d __JCR_LIST__
00128e40 B __preinit_array_end
00128e40 B __preinit_array_start
00128e40 D __tdata_lma
00128e40 D __tdata_lma_end
00128e40 D __TMC_END__
00128e40 d __TMC_LIST__
00128e44 t __do_global_dtors_aux_fini_array_entry
00128e44 T __fini_array_start
00128e44 T __init_array_end
00128e48 T __bss_start__
00128e48 T __fini_array_end
00128e48 b completed.6505
00128e4c b object.6510
00128e64 00000001 b enable3d
00128e68 00000004 b screenFree
00128e6c 00000002 b currentBuffer
00128e70 00000004 b __apt_servicestr
00128e74 0000000c b aptFirstHook
00128e80 00000001 B aptStatus
00128e84 00000004 b aptRefCount
00128e88 00000002 b __apt_launchapplet_appID
00128e8c 00000020 b __ns_capinfo
00128eac 00000001 B aptStatusBeforeSleep
00128eb0 00000004 b __apt_launchapplet_parambuf
00128eb4 00000004 b __apt_launchapplet_parambufsize
00128eb8 00000004 b __apt_new3dsflag_initialized
00128ebc 00000001 b __apt_new3dsflag
00128ec0 00000004 b __apt_launchapplet_inhandle
00128ec4 00000004 b gspEvent
00128ec8 00000004 b gspEventData
00128ecc 00000004 b gspRefCount
00128ed0 00000004 b hidRefCount
00128ed4 00000004 b kOld
00128ed8 00000004 b kHeld
00128edc 00000004 b cPos
00128ee0 00000004 b tPos
00128ee4 00000006 b aVec
00128eec 00000006 b gRate
00128ef4 00000004 b kDown
00128ef8 00000004 b kUp
00128efc 00000004 b irrstRefCount
00128f00 00000004 b kHeld
00128f04 00000004 b csPos
00128f08 b saved_stack
00128f10 00000008 b sLinearPool
00128f18 0000000c b sAddrMap
00128f24 00000008 b sMappablePool
00128f2c 0000000c b sAddrMap
00128f38 00000008 b sVramPool
00128f40 0000000c b sAddrMap
00128f4c 00000001 V __ctru_speedup
00128f50 00000004 b srvRefCount
00128f54 00000004 b srvHandle
00128f58 00000004 b arbiter
00128f5c 00000004 b ptmSysmRefCount
00128f60 00000004 b ptmSysmHandle
00128f64 00000001 b sdmcInitialised
00128f68 00000004 b fsuRefCount
00128f6c 00000004 b fsuHandle
00128f70 00000004 b heap_start.5704
00128f74 00000004 B fake_heap_start
00128f78 00000004 B fake_heap_end
00128f7c 00001000 b temp_cwd
00129f7c 00000038 B __syscalls
00129fb4 00000004 B __malloc_max_total_mem
00129fb8 00000004 B __malloc_max_sbrked_mem
00129fbc 00000004 B __malloc_top_pad
00129fc0 00000028 B __malloc_current_mallinfo
00129fe8 0000004c B currentCopy
0012a034 00000008 B gfxBottomFramebuffers
0012a03c 00000004 B gspSharedMemHandle
0012a040 0000001c B bottomFramebufferInfo
0012a05c 00000004 B gspEvent
0012a060 00000008 B gfxTopLeftFramebuffers
0012a068 00000008 B gfxTopRightFramebuffers
0012a070 0000001c B topFramebufferInfo
0012a08c 00000001 B gfxThreadID
0012a090 00000004 B gfxSharedMemory
0012a094 00000004 B gxCmdBuf
0012a098 00000004 B aptEventHandlerThread
0012a09c 00000004 B aptSleepSync
0012a0a0 00001000 B aptParameters
0012b0a0 00000004 B aptuHandle
0012b0a4 0000000c B aptEvents
0012b0b0 00000004 B aptStatusEvent
0012b0b4 00000004 B aptStatusPower
0012b0b8 00000004 B aptStatusMutex
0012b0bc 00000004 B aptLockHandle
0012b0c0 00000002 B currentAppId
0012b0c4 00000007 B gspEventCbOneShot
0012b0cc 0000001c B gspEventCb
0012b0e8 00000004 B gspGpuHandle
0012b0ec 00000004 B gspEventThread
0012b0f0 0000001c B gspEventCounts
0012b10c 0000001c B gspEvents
0012b128 00000001 B gspRunEvents
0012b12c 0000001c B gspEventCbData
0012b148 00000004 B hidMemHandle
0012b14c 00000004 B hidHandle
0012b150 00000004 B hidSharedMem
0012b154 00000014 B hidEvents
0012b168 00000004 B irrstHandle
0012b16c 00000004 B irrstEvent
0012b170 00000004 B irrstMemHandle
0012b174 00000004 B irrstSharedMem
0012b178 00000004 B __system_argv
0012b17c 00000004 B __system_argc
0012b180 00000004 B __system_retAddr
0012b184 00000004 B __ctru_heap_size
0012b188 00000004 B __ctru_linear_heap
0012b18c 00000004 B __ctru_heap
0012b190 00000004 B __ctru_linear_heap_size
0012b194 B __tls_start
0012e5a0 B __bss_end__
0012e5a0 A __end__
0012e5a0 B __tls_end
